<?xml version="1.0" encoding="UTF-8"?>
<!-- Generated by org.testng.reporters.JUnitXMLReporter -->
<testsuite ignored="0" hostname="Avijeet-Desktop" failures="2" tests="5" name="Test" time="72.493" errors="0" timestamp="17 Jul 2022 13:17:04 GMT">
  <testcase classname="com.fb.qa.testcases.ProfilePageTest" name="@BeforeMethod setUp" time="16.289">
    <failure type="org.openqa.selenium.NoSuchElementException" message="Unable to find element with locator By.xpath: //body[1]/div[1]/div[1]/div[1]/div[1]/div[3]/div[1]/div[1]/div[1]/div[1]/div[1]/div[1]/div[1]/div[1]/div[1]/div[1]/div[1]/div[1]/ul[1]/li[1]/div[1]/a[1]/div[1]/div[2]/div[1]/div[1]/div[1]/div[1]/span[1]/span[1]
For documentation on this error, please visit: https://selenium.dev/exceptions/#no_such_element
Build info: version: &amp;apos;4.3.0&amp;apos;, revision: &amp;apos;a4995e2c09*&amp;apos;
System info: host: &amp;apos;AVIJEET-DESKTOP&amp;apos;, ip: &amp;apos;192.168.1.134&amp;apos;, os.name: &amp;apos;Windows 10&amp;apos;, os.arch: &amp;apos;amd64&amp;apos;, os.version: &amp;apos;10.0&amp;apos;, java.version: &amp;apos;17.0.1&amp;apos;
Driver info: driver.version: RemoteWebDriver">
      <![CDATA[org.openqa.selenium.NoSuchElementException: Unable to find element with locator By.xpath: //body[1]/div[1]/div[1]/div[1]/div[1]/div[3]/div[1]/div[1]/div[1]/div[1]/div[1]/div[1]/div[1]/div[1]/div[1]/div[1]/div[1]/div[1]/ul[1]/li[1]/div[1]/a[1]/div[1]/div[2]/div[1]/div[1]/div[1]/div[1]/span[1]/span[1]
For documentation on this error, please visit: https://selenium.dev/exceptions/#no_such_element
Build info: version: '4.3.0', revision: 'a4995e2c09*'
System info: host: 'AVIJEET-DESKTOP', ip: '192.168.1.134', os.name: 'Windows 10', os.arch: 'amd64', os.version: '10.0', java.version: '17.0.1'
Driver info: driver.version: RemoteWebDriver
at org.openqa.selenium.remote.ElementLocation$ElementFinder$2.findElement(ElementLocation.java:165)
at org.openqa.selenium.remote.ElementLocation.findElement(ElementLocation.java:60)
at org.openqa.selenium.remote.RemoteWebDriver.findElement(RemoteWebDriver.java:387)
at org.openqa.selenium.remote.RemoteWebDriver.findElement(RemoteWebDriver.java:379)
at org.openqa.selenium.support.pagefactory.DefaultElementLocator.findElement(DefaultElementLocator.java:70)
at org.openqa.selenium.support.pagefactory.internal.LocatingElementHandler.invoke(LocatingElementHandler.java:39)
at jdk.proxy2/jdk.proxy2.$Proxy16.click(Unknown Source)
at com.fb.qa.pages.HomePage.clickOnProfile(HomePage.java:36)
at com.fb.qa.testcases.ProfilePageTest.setUp(ProfilePageTest.java:32)
... Removed 28 stack frames]]>
    </failure>
  </testcase> <!-- @BeforeMethod setUp -->
  <testcase classname="com.fb.qa.testcases.ProfilePageTest" name="@AfterMethod tearDown" time="0.0">
    <skipped/>
  </testcase> <!-- @AfterMethod tearDown -->
  <testcase classname="com.fb.qa.testcases.FindFriendsTest" name="verifyFindFriendsTitleTest" time="0.012">
    <failure type="java.lang.AssertionError" message="Home Page is Incorrect expected [Friends | Facebook] but found [(1) Facebook]">
      <![CDATA[java.lang.AssertionError: Home Page is Incorrect expected [Friends | Facebook] but found [(1) Facebook]
at com.fb.qa.testcases.FindFriendsTest.verifyFindFriendsTitleTest(FindFriendsTest.java:39)
... Removed 30 stack frames]]>
    </failure>
  </testcase> <!-- verifyFindFriendsTitleTest -->
  <testcase classname="com.fb.qa.testcases.SignUpPageTest" name="signupPageTitleTest" time="3.022"/>
  <testcase classname="com.fb.qa.testcases.HomePageTest" name="verifyHomePageTitleTest" time="10.104">
    <failure type="java.lang.AssertionError" message="Home Page is Incorrect expected [Facebook] but found [Facebook – log in or sign up]">
      <![CDATA[java.lang.AssertionError: Home Page is Incorrect expected [Facebook] but found [Facebook – log in or sign up]
at com.fb.qa.testcases.HomePageTest.verifyHomePageTitleTest(HomePageTest.java:34)
... Removed 30 stack frames]]>
    </failure>
  </testcase> <!-- verifyHomePageTitleTest -->
  <testcase classname="com.fb.qa.testcases.LoginPageTest" name="loginPageTitleTest" time="3.008"/>
  <testcase classname="com.fb.qa.testcases.ProfilePageTest" name="verifyFindFriendsTitleTest" time="0.0">
    <skipped/>
  </testcase> <!-- verifyFindFriendsTitleTest -->
</testsuite> <!-- Test -->
